<?xml version="1.0" encoding="UTF-8"?>
<!-- Generated by org.testng.reporters.JUnitReportReporter -->
<testsuite skipped="0" hostname="DESKTOP-CRHCDT9" name="com.Frames.FramesDemo" tests="1" failures="0" timestamp="23 Nov 2017 04:49:28 GMT" time="121.204" errors="0">
  <testcase name="testFrames" time="121.204" classname="com.Frames.FramesDemo"/>
</testsuite> <!-- com.Frames.FramesDemo -->
