<?xml version="1.0" encoding="UTF-8"?>
<!-- Generated by org.testng.reporters.JUnitReportReporter -->
<testsuite skipped="0" hostname="DESKTOP-CRHCDT9" name="com.AvancedSeleniumReporting.VerifySeleniumTitle" tests="1" failures="0" timestamp="01 Nov 2017 10:08:08 GMT" time="233.465" errors="0">
  <testcase name="verifyTitle" time="233.465" classname="com.AvancedSeleniumReporting.VerifySeleniumTitle"/>
</testsuite> <!-- com.AvancedSeleniumReporting.VerifySeleniumTitle -->
