<?xml version="1.0" encoding="UTF-8"?>
<!-- Generated by org.testng.reporters.JUnitReportReporter -->
<testsuite skipped="0" hostname="DESKTOP-JVC3DQI" name="com.ScrollintoViewOrScrollForElement.ScrollforElement" tests="1" failures="0" timestamp="14 Apr 2018 18:38:45 GMT" time="7.230" errors="0">
  <testcase name="scrolling" time="7.230" classname="com.ScrollintoViewOrScrollForElement.ScrollforElement"/>
</testsuite> <!-- com.ScrollintoViewOrScrollForElement.ScrollforElement -->
