<?xml version="1.0" encoding="UTF-8"?>
<!-- Generated by org.testng.reporters.JUnitReportReporter -->
<testsuite skipped="0" hostname="DESKTOP-CRHCDT9" name="com.HeadlessBrowser_PhantomJS.PhantomJSDemo" tests="1" failures="0" timestamp="23 Nov 2017 17:33:03 GMT" time="10.799" errors="0">
  <testcase name="FacebookTitle" time="10.799" classname="com.HeadlessBrowser_PhantomJS.PhantomJSDemo"/>
</testsuite> <!-- com.HeadlessBrowser_PhantomJS.PhantomJSDemo -->
