<?xml version="1.0" encoding="UTF-8"?>
<!-- Generated by org.testng.reporters.JUnitReportReporter -->
<testsuite skipped="0" hostname="DESKTOP-CRHCDT9" name="com.ExecuteFailedTestCases.TestCase3" tests="1" failures="0" timestamp="23 Nov 2017 16:04:57 GMT" time="0.008" errors="0">
  <testcase name="TestWordPress" time="0.008" classname="com.ExecuteFailedTestCases.TestCase3"/>
</testsuite> <!-- com.ExecuteFailedTestCases.TestCase3 -->
