<?xml version="1.0" encoding="UTF-8"?>
<!-- Generated by org.testng.reporters.JUnitReportReporter -->
<testsuite skipped="0" hostname="DESKTOP-CRHCDT9" name="com.verifyErrorMessages.VerifyErrorMsg" tests="1" failures="0" timestamp="02 Nov 2017 01:27:13 GMT" time="7.836" errors="0">
  <testcase name="verifyTitle" time="7.836" classname="com.verifyErrorMessages.VerifyErrorMsg"/>
</testsuite> <!-- com.verifyErrorMessages.VerifyErrorMsg -->
