<?xml version="1.0" encoding="UTF-8"?>
<!-- Generated by org.testng.reporters.JUnitReportReporter -->
<testsuite skipped="0" hostname="DESKTOP-CRHCDT9" name="com.Frames.FramesDemo2" tests="1" failures="0" timestamp="23 Nov 2017 04:50:25 GMT" time="42.586" errors="0">
  <testcase name="testFrames" time="42.586" classname="com.Frames.FramesDemo2"/>
</testsuite> <!-- com.Frames.FramesDemo2 -->
