<?xml version="1.0" encoding="UTF-8"?>
<!-- Generated by org.testng.reporters.JUnitReportReporter -->
<testsuite skipped="0" hostname="DESKTOP-FUDD981" name="com.Alert.WindowHandles" tests="1" failures="0" timestamp="17 Oct 2019 18:22:25 GMT" time="33.206" errors="0">
  <testcase name="windowhandles" time="33.206" classname="com.Alert.WindowHandles"/>
</testsuite> <!-- com.Alert.WindowHandles -->
