<?xml version="1.0" encoding="UTF-8"?>
<!-- Generated by org.testng.reporters.JUnitReportReporter -->
<testsuite skipped="0" hostname="DESKTOP-CRHCDT9" name="com.ExecuteFailedTestCases.TestCase1" tests="1" failures="0" timestamp="23 Nov 2017 15:40:25 GMT" time="0.018" errors="0">
  <testcase name="TestFB" time="0.018" classname="com.ExecuteFailedTestCases.TestCase1"/>
</testsuite> <!-- com.ExecuteFailedTestCases.TestCase1 -->
