<?xml version="1.0" encoding="UTF-8"?>
<!-- Generated by org.testng.reporters.JUnitReportReporter -->
<testsuite skipped="0" hostname="DESKTOP-CRHCDT9" name="com.verifyBrokenLinks.BrockenLinks" tests="1" failures="0" timestamp="02 Nov 2017 10:28:10 GMT" time="8.668" errors="0">
  <testcase name="verifyBrockenLinks" time="8.668" classname="com.verifyBrokenLinks.BrockenLinks"/>
</testsuite> <!-- com.verifyBrokenLinks.BrockenLinks -->
