<?xml version="1.0" encoding="UTF-8"?>
<!-- Generated by org.testng.reporters.JUnitReportReporter -->
<testsuite skipped="0" hostname="DESKTOP-CRHCDT9" name="com.Dynamic_RadioButton_CheckBox.RbCb" tests="1" failures="0" timestamp="30 Oct 2017 13:27:12 GMT" time="17.123" errors="0">
  <testcase name="radioAndCheck" time="17.123" classname="com.Dynamic_RadioButton_CheckBox.RbCb"/>
</testsuite> <!-- com.Dynamic_RadioButton_CheckBox.RbCb -->
