<?xml version="1.0" encoding="UTF-8"?>
<!-- Generated by org.testng.reporters.JUnitReportReporter -->
<testsuite skipped="0" hostname="DESKTOP-CRHCDT9" name="com.CaptureScreenShot.FacebookScreenShot" tests="1" failures="0" timestamp="30 Oct 2017 16:47:40 GMT" time="27.625" errors="0">
  <testcase name="captureScreenShot" time="27.625" classname="com.CaptureScreenShot.FacebookScreenShot"/>
</testsuite> <!-- com.CaptureScreenShot.FacebookScreenShot -->
