<?xml version="1.0" encoding="UTF-8"?>
<!-- Generated by org.testng.reporters.JUnitReportReporter -->
<testsuite skipped="0" hostname="DESKTOP-CRHCDT9" name="com.PageScrolling.PageScroll" tests="1" failures="0" timestamp="02 Nov 2017 18:05:43 GMT" time="11.723" errors="0">
  <testcase name="scrollPageDown" time="11.723" classname="com.PageScrolling.PageScroll"/>
</testsuite> <!-- com.PageScrolling.PageScroll -->
