<?xml version="1.0" encoding="UTF-8"?>
<!-- Generated by org.testng.reporters.JUnitReportReporter -->
<testsuite skipped="0" hostname="DESKTOP-CRHCDT9" name="com.ExecuteFailedTestCases.TestCase2" tests="1" failures="0" timestamp="23 Nov 2017 15:40:25 GMT" time="0.005" errors="0">
  <testcase name="TestTwitter" time="0.005" classname="com.ExecuteFailedTestCases.TestCase2"/>
</testsuite> <!-- com.ExecuteFailedTestCases.TestCase2 -->
