<?xml version="1.0" encoding="UTF-8"?>
<!-- Generated by org.testng.reporters.JUnitReportReporter -->
<testsuite skipped="0" hostname="DESKTOP-CRHCDT9" name="com.UntrustedCirtificate.ChromeDemo" tests="1" failures="0" timestamp="23 Nov 2017 07:31:57 GMT" time="7.479" errors="0">
  <testcase name="handleCerticate" time="7.479" classname="com.UntrustedCirtificate.ChromeDemo"/>
</testsuite> <!-- com.UntrustedCirtificate.ChromeDemo -->
