<?xml version="1.0" encoding="UTF-8"?>
<!-- Generated by org.testng.reporters.JUnitReportReporter -->
<testsuite skipped="0" hostname="DESKTOP-CRHCDT9" name="com.mouseHovers.MouseHover" tests="1" failures="0" timestamp="04 Nov 2017 12:50:27 GMT" time="57.784" errors="0">
  <testcase name="mh" time="57.784" classname="com.mouseHovers.MouseHover"/>
</testsuite> <!-- com.mouseHovers.MouseHover -->
