<?xml version="1.0" encoding="UTF-8"?>
<!-- Generated by org.testng.reporters.JUnitReportReporter -->
<testsuite skipped="0" hostname="DESKTOP-CRHCDT9" name="com.explicitWait.ExplicitWait" tests="1" failures="0" timestamp="02 Nov 2017 01:50:39 GMT" time="14.558" errors="0">
  <testcase name="explicitwait" time="14.558" classname="com.explicitWait.ExplicitWait"/>
</testsuite> <!-- com.explicitWait.ExplicitWait -->
