<?xml version="1.0" encoding="UTF-8"?>
<!-- Generated by org.testng.reporters.JUnitReportReporter -->
<testsuite skipped="0" hostname="DESKTOP-CRHCDT9" name="com.CaptureScreenShot.FacebookScreenshot1" tests="1" failures="0" timestamp="30 Oct 2017 17:10:28 GMT" time="21.060" errors="0">
  <testcase name="captureScreenshot" time="21.060" classname="com.CaptureScreenShot.FacebookScreenshot1"/>
</testsuite> <!-- com.CaptureScreenShot.FacebookScreenshot1 -->
