<?xml version="1.0" encoding="UTF-8"?>
<!-- Generated by org.testng.reporters.JUnitReportReporter -->
<testsuite skipped="0" hostname="DESKTOP-CRHCDT9" name="com.Bootstrap_Dropdown.BootStrapDD" tests="1" failures="0" timestamp="06 Mar 2018 16:34:28 GMT" time="18.499" errors="0">
  <testcase name="BDD" time="18.499" classname="com.Bootstrap_Dropdown.BootStrapDD"/>
</testsuite> <!-- com.Bootstrap_Dropdown.BootStrapDD -->
