<?xml version="1.0" encoding="UTF-8"?>
<!-- Generated by org.testng.reporters.JUnitReportReporter -->
<testsuite skipped="0" hostname="DESKTOP-CRHCDT9" name="com.fluentWait.fluentWait" tests="1" failures="0" timestamp="02 Nov 2017 04:01:40 GMT" time="16.364" errors="0">
  <testcase name="fWait" time="16.364" classname="com.fluentWait.fluentWait"/>
</testsuite> <!-- com.fluentWait.fluentWait -->
