<?xml version="1.0" encoding="UTF-8"?>
<!-- Generated by org.testng.reporters.JUnitReportReporter -->
<testsuite skipped="0" hostname="DESKTOP-CRHCDT9" name="com.Handle_and_Verify_DropdownValues.SelectFacebookDropDown" tests="1" failures="0" timestamp="30 Oct 2017 10:28:35 GMT" time="41.986" errors="0">
  <testcase name="SelctDDValues" time="41.986" classname="com.Handle_and_Verify_DropdownValues.SelectFacebookDropDown"/>
</testsuite> <!-- com.Handle_and_Verify_DropdownValues.SelectFacebookDropDown -->
